<?xml version="1.0" encoding="UTF-8"?>
<testsuite xmlns:xsi="http://www.w3.org/2001/XMLSchema-instance" xsi:schemaLocation="https://maven.apache.org/surefire/maven-surefire-plugin/xsd/surefire-test-report.xsd" name="com.praveen.samples.jacoco.multimodule.Module2ClassTest" time="0.141" tests="1" errors="0" skipped="0" failures="0">
  <properties>
[...]
</properties>
  <testcase name="testConvertDoubleUnitTestOne" classname="com.praveen.samples.jacoco.multimodule.Module2ClassTest" time="0.006"/>
</testsuite>